<?xml version="1.0" encoding="UTF-8"?>
<testng-results skipped="0" failed="0" ignored="0" total="1" passed="1">
  <reporter-output>
  </reporter-output>
  <suite name="Default suite" duration-ms="65" started-at="2022-03-10T09:54:20Z" finished-at="2022-03-10T09:54:21Z">
    <groups>
    </groups>
    <test name="Default test" duration-ms="65" started-at="2022-03-10T09:54:20Z" finished-at="2022-03-10T09:54:21Z">
      <class name="com.crm.Newtest">
        <test-method status="PASS" signature="testnew()[pri:0, instance:com.crm.Newtest@735b5592]" name="testnew" duration-ms="22" started-at="2022-03-10T09:54:20Z" finished-at="2022-03-10T09:54:21Z">
          <reporter-output>
          </reporter-output>
        </test-method> <!-- testnew -->
      </class> <!-- com.crm.Newtest -->
    </test> <!-- Default test -->
  </suite> <!-- Default suite -->
</testng-results>
